Determining if the Q_WS_WIN exist failed with the following output:
Change Dir: /home/ahmed/Documents/testing/build/CMakeFiles/CMakeTmp

Run Build Command:/usr/bin/make "cmTryCompileExec1008440752/fast"
make[1]: Entering directory `/home/ahmed/Documents/testing/build/CMakeFiles/CMakeTmp'
/usr/bin/make -f CMakeFiles/cmTryCompileExec1008440752.dir/build.make CMakeFiles/cmTryCompileExec1008440752.dir/build
make[2]: Entering directory `/home/ahmed/Documents/testing/build/CMakeFiles/CMakeTmp'
/usr/bin/cmake -E cmake_progress_report /home/ahmed/Documents/testing/build/CMakeFiles/CMakeTmp/CMakeFiles 1
Building CXX object CMakeFiles/cmTryCompileExec1008440752.dir/CheckSymbolExists.cxx.o
/usr/bin/c++    -I/usr/include/qt4    -o CMakeFiles/cmTryCompileExec1008440752.dir/CheckSymbolExists.cxx.o -c /home/ahmed/Documents/testing/build/CMakeFiles/CMakeTmp/CheckSymbolExists.cxx
/home/ahmed/Documents/testing/build/CMakeFiles/CMakeTmp/CheckSymbolExists.cxx: In function ‘int main(int, char**)’:
/home/ahmed/Documents/testing/build/CMakeFiles/CMakeTmp/CheckSymbolExists.cxx:8:19: error: ‘Q_WS_WIN’ was not declared in this scope
make[2]: Leaving directory `/home/ahmed/Documents/testing/build/CMakeFiles/CMakeTmp'
make[2]: *** [CMakeFiles/cmTryCompileExec1008440752.dir/CheckSymbolExists.cxx.o] Error 1
make[1]: Leaving directory `/home/ahmed/Documents/testing/build/CMakeFiles/CMakeTmp'
make[1]: *** [cmTryCompileExec1008440752/fast] Error 2

File /home/ahmed/Documents/testing/build/CMakeFiles/CMakeTmp/CheckSymbolExists.cxx:
/* */
#include <QtCore/qglobal.h>

int main(int argc, char** argv)
{
  (void)argv;
#ifndef Q_WS_WIN
  return ((int*)(&Q_WS_WIN))[argc];
#else
  (void)argc;
  return 0;
#endif
}

Determining if the Q_WS_QWS exist failed with the following output:
Change Dir: /home/ahmed/Documents/testing/build/CMakeFiles/CMakeTmp

Run Build Command:/usr/bin/make "cmTryCompileExec2477500684/fast"
make[1]: Entering directory `/home/ahmed/Documents/testing/build/CMakeFiles/CMakeTmp'
/usr/bin/make -f CMakeFiles/cmTryCompileExec2477500684.dir/build.make CMakeFiles/cmTryCompileExec2477500684.dir/build
make[2]: Entering directory `/home/ahmed/Documents/testing/build/CMakeFiles/CMakeTmp'
/usr/bin/cmake -E cmake_progress_report /home/ahmed/Documents/testing/build/CMakeFiles/CMakeTmp/CMakeFiles 1
Building CXX object CMakeFiles/cmTryCompileExec2477500684.dir/CheckSymbolExists.cxx.o
/usr/bin/c++    -I/usr/include/qt4    -o CMakeFiles/cmTryCompileExec2477500684.dir/CheckSymbolExists.cxx.o -c /home/ahmed/Documents/testing/build/CMakeFiles/CMakeTmp/CheckSymbolExists.cxx
/home/ahmed/Documents/testing/build/CMakeFiles/CMakeTmp/CheckSymbolExists.cxx: In function ‘int main(int, char**)’:
/home/ahmed/Documents/testing/build/CMakeFiles/CMakeTmp/CheckSymbolExists.cxx:8:19: error: ‘Q_WS_QWS’ was not declared in this scope
make[2]: Leaving directory `/home/ahmed/Documents/testing/build/CMakeFiles/CMakeTmp'
make[2]: *** [CMakeFiles/cmTryCompileExec2477500684.dir/CheckSymbolExists.cxx.o] Error 1
make[1]: *** [cmTryCompileExec2477500684/fast] Error 2
make[1]: Leaving directory `/home/ahmed/Documents/testing/build/CMakeFiles/CMakeTmp'

File /home/ahmed/Documents/testing/build/CMakeFiles/CMakeTmp/CheckSymbolExists.cxx:
/* */
#include <QtCore/qglobal.h>

int main(int argc, char** argv)
{
  (void)argv;
#ifndef Q_WS_QWS
  return ((int*)(&Q_WS_QWS))[argc];
#else
  (void)argc;
  return 0;
#endif
}

Determining if the Q_WS_MAC exist failed with the following output:
Change Dir: /home/ahmed/Documents/testing/build/CMakeFiles/CMakeTmp

Run Build Command:/usr/bin/make "cmTryCompileExec3346172096/fast"
make[1]: Entering directory `/home/ahmed/Documents/testing/build/CMakeFiles/CMakeTmp'
/usr/bin/make -f CMakeFiles/cmTryCompileExec3346172096.dir/build.make CMakeFiles/cmTryCompileExec3346172096.dir/build
make[2]: Entering directory `/home/ahmed/Documents/testing/build/CMakeFiles/CMakeTmp'
/usr/bin/cmake -E cmake_progress_report /home/ahmed/Documents/testing/build/CMakeFiles/CMakeTmp/CMakeFiles 1
Building CXX object CMakeFiles/cmTryCompileExec3346172096.dir/CheckSymbolExists.cxx.o
/usr/bin/c++    -I/usr/include/qt4    -o CMakeFiles/cmTryCompileExec3346172096.dir/CheckSymbolExists.cxx.o -c /home/ahmed/Documents/testing/build/CMakeFiles/CMakeTmp/CheckSymbolExists.cxx
/home/ahmed/Documents/testing/build/CMakeFiles/CMakeTmp/CheckSymbolExists.cxx: In function ‘int main(int, char**)’:
/home/ahmed/Documents/testing/build/CMakeFiles/CMakeTmp/CheckSymbolExists.cxx:8:19: error: ‘Q_WS_MAC’ was not declared in this scope
make[2]: Leaving directory `/home/ahmed/Documents/testing/build/CMakeFiles/CMakeTmp'
make[2]: *** [CMakeFiles/cmTryCompileExec3346172096.dir/CheckSymbolExists.cxx.o] Error 1
make[1]: *** [cmTryCompileExec3346172096/fast] Error 2
make[1]: Leaving directory `/home/ahmed/Documents/testing/build/CMakeFiles/CMakeTmp'

File /home/ahmed/Documents/testing/build/CMakeFiles/CMakeTmp/CheckSymbolExists.cxx:
/* */
#include <QtCore/qglobal.h>

int main(int argc, char** argv)
{
  (void)argv;
#ifndef Q_WS_MAC
  return ((int*)(&Q_WS_MAC))[argc];
#else
  (void)argc;
  return 0;
#endif
}

